  [1m[36mActiveRecord::SchemaMigration Load (14.9ms)[0m  [1mSELECT "schema_migrations".* FROM "schema_migrations"[0m
Migrating to RolifyCreateRoles (20150507221021)
  [1m[35m (22.9ms)[0m  BEGIN
  [1m[36m (27.0ms)[0m  [1mCREATE TABLE "roles" ("id" serial primary key, "name" character varying(255), "resource_id" integer, "resource_type" character varying(255), "created_at" timestamp, "updated_at" timestamp) [0m
  [1m[35m (1.3ms)[0m  CREATE TABLE "users_roles" ("user_id" integer, "role_id" integer) 
  [1m[36m (2.7ms)[0m  [1mCREATE  INDEX  "index_roles_on_name" ON "roles"  ("name")[0m
  [1m[35m (3.0ms)[0m  CREATE  INDEX  "index_roles_on_name_and_resource_type_and_resource_id" ON "roles"  ("name", "resource_type", "resource_id")
  [1m[36m (1.5ms)[0m  [1mCREATE  INDEX  "index_users_roles_on_user_id_and_role_id" ON "users_roles"  ("user_id", "role_id")[0m
  [1m[35mSQL (4.9ms)[0m  INSERT INTO "schema_migrations" ("version") VALUES ($1)  [["version", "20150507221021"]]
  [1m[36m (2.1ms)[0m  [1mCOMMIT[0m
  [1m[35mActiveRecord::SchemaMigration Load (0.4ms)[0m  SELECT "schema_migrations".* FROM "schema_migrations"
  [1m[36mUser Load (13.9ms)[0m  [1mSELECT  "users".* FROM "users"   ORDER BY "users"."id" DESC LIMIT 1[0m
  [1m[35mUser Load (1.7ms)[0m  SELECT  "users".* FROM "users"   ORDER BY "users"."id" DESC LIMIT 1
  [1m[36mUser Load (1.8ms)[0m  [1mSELECT  "users".* FROM "users"   ORDER BY "users"."id" DESC LIMIT 1[0m
  [1m[35mRole Load (18.9ms)[0m  SELECT "roles".* FROM "roles" INNER JOIN "users_roles" ON "roles"."id" = "users_roles"."role_id" WHERE "users_roles"."user_id" = $1  [["user_id", 1]]
  [1m[36mUser Load (4.2ms)[0m  [1mSELECT  "users".* FROM "users"   ORDER BY "users"."id" DESC LIMIT 1[0m
  [1m[35mRole Load (15.2ms)[0m  SELECT  "roles".* FROM "roles"  WHERE "roles"."name" = 'manager' AND "roles"."resource_type" IS NULL AND "roles"."resource_id" IS NULL  ORDER BY "roles"."id" ASC LIMIT 1
  [1m[36m (0.2ms)[0m  [1mBEGIN[0m
  [1m[35mSQL (3.7ms)[0m  INSERT INTO "roles" ("created_at", "name", "updated_at") VALUES ($1, $2, $3) RETURNING "id"  [["created_at", "2015-05-07 22:33:24.331733"], ["name", "manager"], ["updated_at", "2015-05-07 22:33:24.331733"]]
  [1m[36m (0.4ms)[0m  [1mCOMMIT[0m
  [1m[35mRole Exists (0.9ms)[0m  SELECT  1 AS one FROM "roles" INNER JOIN "users_roles" ON "roles"."id" = "users_roles"."role_id" WHERE "users_roles"."user_id" = $1 AND "roles"."id" = 1 LIMIT 1  [["user_id", 1]]
  [1m[36m (0.7ms)[0m  [1mSELECT "roles".id FROM "roles" INNER JOIN "users_roles" ON "roles"."id" = "users_roles"."role_id" WHERE "users_roles"."user_id" = $1[0m  [["user_id", 1]]
  [1m[35mRole Load (0.4ms)[0m  SELECT  "roles".* FROM "roles"  WHERE "roles"."id" = $1 LIMIT 1  [["id", 1]]
  [1m[36mRole Load (0.7ms)[0m  [1mSELECT "roles".* FROM "roles" INNER JOIN "users_roles" ON "roles"."id" = "users_roles"."role_id" WHERE "users_roles"."user_id" = $1[0m  [["user_id", 1]]
  [1m[35m (0.2ms)[0m  BEGIN
  [1m[36mSQL (6.3ms)[0m  [1mINSERT INTO "users_roles" ("role_id", "user_id") VALUES ($1, $2)[0m  [["role_id", 1], ["user_id", 1]]
  [1m[35m (7.2ms)[0m  COMMIT
  [1m[36mUser Load (1.5ms)[0m  [1mSELECT  "users".* FROM "users"   ORDER BY "users"."id" DESC LIMIT 1[0m
  [1m[35mUser Load (1.4ms)[0m  SELECT  "users".* FROM "users"   ORDER BY "users"."id" DESC LIMIT 1
  [1m[36mRole Load (1.9ms)[0m  [1mSELECT "roles".* FROM "roles" INNER JOIN "users_roles" ON "roles"."id" = "users_roles"."role_id" WHERE "users_roles"."user_id" = $1[0m  [["user_id", 1]]
  [1m[35mUser Load (0.7ms)[0m  SELECT  "users".* FROM "users"   ORDER BY "users"."id" DESC LIMIT 1
  [1m[36mUser Load (14.4ms)[0m  [1mSELECT  "users".* FROM "users"   ORDER BY "users"."id" DESC LIMIT 1[0m
  [1m[35mRole Load (0.8ms)[0m  SELECT "roles".* FROM "roles" INNER JOIN "users_roles" ON "roles"."id" = "users_roles"."role_id" WHERE "users_roles"."user_id" = $1  [["user_id", 1]]
  [1m[36mUser Load (0.9ms)[0m  [1mSELECT  "users".* FROM "users"   ORDER BY "users"."id" DESC LIMIT 1[0m
  [1m[35mUser Load (1.3ms)[0m  SELECT  "users".* FROM "users"   ORDER BY "users"."id" DESC LIMIT 1
  [1m[36mRole Load (1.0ms)[0m  [1mSELECT "roles".* FROM "roles" INNER JOIN "users_roles" ON "roles"."id" = "users_roles"."role_id" WHERE "users_roles"."user_id" = $1 AND "roles"."name" = 'manager'[0m  [["user_id", 1]]
  [1m[35mUser Load (1.3ms)[0m  SELECT  "users".* FROM "users"   ORDER BY "users"."id" DESC LIMIT 1
  [1m[36mRole Load (0.8ms)[0m  [1mSELECT "roles".* FROM "roles" INNER JOIN "users_roles" ON "roles"."id" = "users_roles"."role_id" WHERE "users_roles"."user_id" = $1 AND "roles"."name" = 'manager1'[0m  [["user_id", 1]]
  [1m[35mUser Load (13.7ms)[0m  SELECT  "users".* FROM "users"   ORDER BY "users"."id" DESC LIMIT 1
  [1m[36mRole Load (1.1ms)[0m  [1mSELECT "roles".* FROM "roles" INNER JOIN "users_roles" ON "roles"."id" = "users_roles"."role_id" WHERE "users_roles"."user_id" = $1 AND "roles"."name" = 'manager'[0m  [["user_id", 1]]
  [1m[35mUser Load (2.1ms)[0m  SELECT  "users".* FROM "users"   ORDER BY "users"."id" DESC LIMIT 1
  [1m[36mRole Load (1.3ms)[0m  [1mSELECT "roles".* FROM "roles" INNER JOIN "users_roles" ON "roles"."id" = "users_roles"."role_id" WHERE "users_roles"."user_id" = $1 AND "roles"."name" = 'manager'[0m  [["user_id", 1]]
  [1m[35mUser Load (0.7ms)[0m  SELECT  "users".* FROM "users"   ORDER BY "users"."id" DESC LIMIT 1
  [1m[36mRole Load (0.7ms)[0m  [1mSELECT "roles".* FROM "roles" INNER JOIN "users_roles" ON "roles"."id" = "users_roles"."role_id" WHERE "users_roles"."user_id" = $1 AND "roles"."name" = 'manager'[0m  [["user_id", 1]]
  [1m[35mUser Load (2.3ms)[0m  SELECT  "users".* FROM "users"   ORDER BY "users"."id" DESC LIMIT 1
  [1m[36mRole Load (0.7ms)[0m  [1mSELECT "roles".* FROM "roles" INNER JOIN "users_roles" ON "roles"."id" = "users_roles"."role_id" WHERE "users_roles"."user_id" = $1 AND "roles"."name" = 'hunter'[0m  [["user_id", 1]]
  [1m[35mRole Load (5.0ms)[0m  SELECT  "roles".* FROM "roles"   ORDER BY "roles"."id" DESC LIMIT 1
  [1m[36mUser Load (1.3ms)[0m  [1mSELECT  "users".* FROM "users"   ORDER BY "users"."id" DESC LIMIT 1[0m
  [1m[35mUser Load (1.5ms)[0m  SELECT  "users".* FROM "users"   ORDER BY "users"."id" DESC LIMIT 1
  [1m[36mRole Load (1.1ms)[0m  [1mSELECT  "roles".* FROM "roles"   ORDER BY "roles"."id" DESC LIMIT 1[0m
  [1m[35mRole Load (1.9ms)[0m  SELECT  "roles".* FROM "roles"   ORDER BY "roles"."id" DESC LIMIT 1
